[2025-10-02 17:00:21] ERROR: Database Error: SQLSTATE[HY093]: Invalid parameter number | Context: {"sql":"\r\n            SELECT * FROM superadmin_users \r\n            WHERE (username = :username OR email = :username) \r\n            AND status = 'active'\r\n        "}
[2025-10-02 17:00:21] ERROR: Database Error: SQLSTATE[HY093]: Invalid parameter number | Context: {"sql":"\r\n            SELECT u.*, c.company_name, c.subscription_status \r\n            FROM users u\r\n            INNER JOIN companies c ON u.company_id = c.id\r\n            WHERE (u.username = :username OR u.email = :username) \r\n            AND u.status = 'active'\r\n        "}
[2025-10-02 17:00:35] ERROR: Database Error: SQLSTATE[HY093]: Invalid parameter number | Context: {"sql":"\r\n            SELECT * FROM superadmin_users \r\n            WHERE (username = :username OR email = :username) \r\n            AND status = 'active'\r\n        "}
[2025-10-02 17:00:35] ERROR: Database Error: SQLSTATE[HY093]: Invalid parameter number | Context: {"sql":"\r\n            SELECT u.*, c.company_name, c.subscription_status \r\n            FROM users u\r\n            INNER JOIN companies c ON u.company_id = c.id\r\n            WHERE (u.username = :username OR u.email = :username) \r\n            AND u.status = 'active'\r\n        "}
[2025-10-02 17:01:12] ERROR: Database Error: SQLSTATE[HY093]: Invalid parameter number | Context: {"sql":"\r\n            SELECT * FROM superadmin_users \r\n            WHERE (username = :username OR email = :username) \r\n            AND status = 'active'\r\n        "}
[2025-10-02 17:01:12] ERROR: Database Error: SQLSTATE[HY093]: Invalid parameter number | Context: {"sql":"\r\n            SELECT u.*, c.company_name, c.subscription_status \r\n            FROM users u\r\n            INNER JOIN companies c ON u.company_id = c.id\r\n            WHERE (u.username = :username OR u.email = :username) \r\n            AND u.status = 'active'\r\n        "}
[2025-10-02 17:02:03] ERROR: Database Error: SQLSTATE[HY093]: Invalid parameter number | Context: {"sql":"\r\n            SELECT * FROM superadmin_users \r\n            WHERE (username = :username OR email = :username) \r\n            AND status = 'active'\r\n        "}
[2025-10-02 17:02:03] ERROR: Database Error: SQLSTATE[HY093]: Invalid parameter number | Context: {"sql":"\r\n            SELECT u.*, c.company_name, c.subscription_status \r\n            FROM users u\r\n            INNER JOIN companies c ON u.company_id = c.id\r\n            WHERE (u.username = :username OR u.email = :username) \r\n            AND u.status = 'active'\r\n        "}
[2025-10-02 17:03:52] ERROR: Database Error: SQLSTATE[HY093]: Invalid parameter number | Context: {"sql":"\r\n            SELECT * FROM superadmin_users \r\n            WHERE (username = :username OR email = :username) \r\n            AND status = 'active'\r\n        "}
[2025-10-02 17:03:52] ERROR: Database Error: SQLSTATE[HY093]: Invalid parameter number | Context: {"sql":"\r\n            SELECT u.*, c.company_name, c.subscription_status \r\n            FROM users u\r\n            INNER JOIN companies c ON u.company_id = c.id\r\n            WHERE (u.username = :username OR u.email = :username) \r\n            AND u.status = 'active'\r\n        "}
[2025-10-02 17:04:04] ERROR: Database Error: SQLSTATE[HY093]: Invalid parameter number | Context: {"sql":"\r\n        SELECT * FROM superadmin_users \r\n        WHERE (username = :username OR email = :username) \r\n        AND status = 'active'\r\n    "}
[2025-10-02 17:04:31] ERROR: Database Error: SQLSTATE[HY093]: Invalid parameter number | Context: {"sql":"\r\n        SELECT * FROM superadmin_users \r\n        WHERE (username = :username OR email = :username) \r\n        AND status = 'active'\r\n    "}
[2025-10-02 17:04:51] ERROR: Database Error: SQLSTATE[HY093]: Invalid parameter number | Context: {"sql":"SELECT * FROM superadmin_users WHERE (username = :username OR email = :username)"}
[2025-10-02 18:48:20] ERROR: Database Error: SQLSTATE[23000]: Integrity constraint violation: 1452 Cannot add or update a child row: a foreign key constraint fails (`arhiva_documente`.`users`, CONSTRAINT `users_ibfk_1` FOREIGN KEY (`company_id`) REFERENCES `companies` (`id`) ON DELETE CASCADE) | Context: {"sql":"INSERT INTO users (username, email, password, full_name, role, created_at) VALUES (?, ?, ?, ?, ?, NOW())"}
[2025-10-02 18:51:18] ERROR: Database Error: SQLSTATE[23000]: Integrity constraint violation: 1452 Cannot add or update a child row: a foreign key constraint fails (`arhiva_documente`.`users`, CONSTRAINT `users_ibfk_1` FOREIGN KEY (`company_id`) REFERENCES `companies` (`id`) ON DELETE CASCADE) | Context: {"sql":"INSERT INTO users (username, email, password, full_name, role, created_at) VALUES (?, ?, ?, ?, ?, NOW())"}
[2025-10-02 20:43:23] ERROR: Database Error: SQLSTATE[23000]: Integrity constraint violation: 1048 Column 'company_id' cannot be null | Context: {"sql":"INSERT INTO activity_logs (company_id, user_id, action_type, description, ip_address, user_agent, created_at) VALUES (:company_id, :user_id, :action_type, :description, :ip_address, :user_agent, :created_at)"}
[2025-10-02 20:43:23] ERROR: Failed to log activity: SQLSTATE[23000]: Integrity constraint violation: 1048 Column 'company_id' cannot be null
[2025-10-02 20:43:23] ERROR: Failed to clear remember token: SQLSTATE[42S02]: Base table or view not found: 1146 Table 'arhiva_documente.superadmin_remember_tokens' doesn't exist
[2025-10-02 21:05:06] ERROR: Database Error: SQLSTATE[23000]: Integrity constraint violation: 1048 Column 'company_id' cannot be null | Context: {"sql":"INSERT INTO activity_logs (company_id, user_id, action_type, description, ip_address, user_agent, created_at) VALUES (:company_id, :user_id, :action_type, :description, :ip_address, :user_agent, :created_at)"}
[2025-10-02 21:05:06] ERROR: Failed to log activity: SQLSTATE[23000]: Integrity constraint violation: 1048 Column 'company_id' cannot be null
[2025-10-02 21:05:06] ERROR: Failed to clear remember token: SQLSTATE[42S02]: Base table or view not found: 1146 Table 'arhiva_documente.superadmin_remember_tokens' doesn't exist
[2025-10-02 21:19:21] ERROR: Database Error: SQLSTATE[23000]: Integrity constraint violation: 1048 Column 'company_id' cannot be null | Context: {"sql":"INSERT INTO activity_logs (company_id, user_id, action_type, description, ip_address, user_agent, created_at) VALUES (:company_id, :user_id, :action_type, :description, :ip_address, :user_agent, :created_at)"}
[2025-10-02 21:19:21] ERROR: Failed to log activity: SQLSTATE[23000]: Integrity constraint violation: 1048 Column 'company_id' cannot be null
[2025-10-02 21:19:21] ERROR: Failed to clear remember token: SQLSTATE[42S02]: Base table or view not found: 1146 Table 'arhiva_documente.superadmin_remember_tokens' doesn't exist
[2025-10-02 21:22:04] ERROR: Database Error: SQLSTATE[23000]: Integrity constraint violation: 1048 Column 'company_id' cannot be null | Context: {"sql":"INSERT INTO activity_logs (company_id, user_id, action_type, description, ip_address, user_agent, created_at) VALUES (:company_id, :user_id, :action_type, :description, :ip_address, :user_agent, :created_at)"}
[2025-10-02 21:22:04] ERROR: Failed to log activity: SQLSTATE[23000]: Integrity constraint violation: 1048 Column 'company_id' cannot be null
[2025-10-02 21:22:04] ERROR: Failed to clear remember token: SQLSTATE[42S02]: Base table or view not found: 1146 Table 'arhiva_documente.superadmin_remember_tokens' doesn't exist
[2025-10-02 21:26:24] ERROR: Database Error: SQLSTATE[23000]: Integrity constraint violation: 1048 Column 'company_id' cannot be null | Context: {"sql":"INSERT INTO activity_logs (company_id, user_id, action_type, description, ip_address, user_agent, created_at) VALUES (:company_id, :user_id, :action_type, :description, :ip_address, :user_agent, :created_at)"}
[2025-10-02 21:26:24] ERROR: Failed to log activity: SQLSTATE[23000]: Integrity constraint violation: 1048 Column 'company_id' cannot be null
[2025-10-02 21:26:24] ERROR: Failed to clear remember token: SQLSTATE[42S02]: Base table or view not found: 1146 Table 'arhiva_documente.superadmin_remember_tokens' doesn't exist
[2025-10-02 21:47:58] ERROR: Database Error: SQLSTATE[23000]: Integrity constraint violation: 1048 Column 'company_id' cannot be null | Context: {"sql":"INSERT INTO activity_logs (company_id, user_id, action_type, description, ip_address, user_agent, created_at) VALUES (:company_id, :user_id, :action_type, :description, :ip_address, :user_agent, :created_at)"}
[2025-10-02 21:47:58] ERROR: Failed to log activity: SQLSTATE[23000]: Integrity constraint violation: 1048 Column 'company_id' cannot be null
[2025-10-02 21:47:58] ERROR: Failed to clear remember token: SQLSTATE[42S02]: Base table or view not found: 1146 Table 'arhiva_documente.superadmin_remember_tokens' doesn't exist
[2025-10-02 21:51:49] ERROR: Database Error: SQLSTATE[23000]: Integrity constraint violation: 1048 Column 'company_id' cannot be null | Context: {"sql":"INSERT INTO activity_logs (company_id, user_id, action_type, description, ip_address, user_agent, created_at) VALUES (:company_id, :user_id, :action_type, :description, :ip_address, :user_agent, :created_at)"}
[2025-10-02 21:51:49] ERROR: Failed to log activity: SQLSTATE[23000]: Integrity constraint violation: 1048 Column 'company_id' cannot be null
[2025-10-02 21:51:49] ERROR: Failed to clear remember token: SQLSTATE[42S02]: Base table or view not found: 1146 Table 'arhiva_documente.superadmin_remember_tokens' doesn't exist
[2025-10-02 22:35:36] ERROR: Failed to clear remember token: SQLSTATE[42S02]: Base table or view not found: 1146 Table 'arhiva_documente.user_remember_tokens' doesn't exist
[2025-10-02 22:41:08] ERROR: Database Error: SQLSTATE[23000]: Integrity constraint violation: 1048 Column 'company_id' cannot be null | Context: {"sql":"INSERT INTO activity_logs (company_id, user_id, action_type, description, ip_address, user_agent, created_at) VALUES (:company_id, :user_id, :action_type, :description, :ip_address, :user_agent, :created_at)"}
[2025-10-02 22:41:09] ERROR: Failed to log activity: SQLSTATE[23000]: Integrity constraint violation: 1048 Column 'company_id' cannot be null
[2025-10-02 22:41:09] ERROR: Failed to clear remember token: SQLSTATE[42S02]: Base table or view not found: 1146 Table 'arhiva_documente.superadmin_remember_tokens' doesn't exist
